\BOOKMARK [1][-]{section.1}{\376\377\230\171\166\356\200\314\146\157}{}% 1
\BOOKMARK [1][-]{section.2}{\376\377\117\134\116\032\116\313\176\315}{}% 2
\BOOKMARK [2][-]{subsection.2.1}{\376\377\133\236\215\365\166\356\150\007}{section.2}% 3
\BOOKMARK [2][-]{subsection.2.2}{\376\377\142\200\147\057\150\010\124\214\135\345\121\167\224\376}{section.2}% 4
\BOOKMARK [2][-]{subsection.2.3}{\376\377\133\236\215\365\145\271\154\325\213\272}{section.2}% 5
\BOOKMARK [1][-]{section.3}{\376\377\000P\000y\000t\000h\000o\000n\116\343\170\001\116\313\176\315}{}% 6
\BOOKMARK [2][-]{subsection.3.1}{\376\377\000S\000n\000a\000k\000e\000\040\000G\000a\000m\000e\230\171\166\356\122\006\147\220}{section.3}% 7
\BOOKMARK [3][-]{subsubsection.3.1.1}{\376\377\230\171\166\356\176\323\147\204}{subsection.3.1}% 8
\BOOKMARK [3][-]{subsubsection.3.1.2}{\376\377\150\070\137\303\174\173\213\276\213\241}{subsection.3.1}% 9
\BOOKMARK [3][-]{subsubsection.3.1.3}{\376\377\150\070\137\303\173\227\154\325\122\006\147\220}{subsection.3.1}% 10
\BOOKMARK [2][-]{subsection.3.2}{\376\377\000T\000o\000d\000o\000\040\000A\000p\000p\230\171\166\356\122\006\147\220}{section.3}% 11
\BOOKMARK [3][-]{subsubsection.3.2.1}{\376\377\230\171\166\356\176\323\147\204}{subsection.3.2}% 12
\BOOKMARK [3][-]{subsubsection.3.2.2}{\376\377\145\160\143\156\152\041\127\213\213\276\213\241}{subsection.3.2}% 13
\BOOKMARK [3][-]{subsubsection.3.2.3}{\376\377\150\070\137\303\122\237\200\375\133\236\163\260}{subsection.3.2}% 14
\BOOKMARK [2][-]{subsection.3.3}{\376\377\230\171\166\356\133\371\153\324\122\006\147\220}{section.3}% 15
\BOOKMARK [1][-]{section.4}{\376\377\000C\000A\000S\000E\135\345\121\167\117\177\165\050\116\313\176\315}{}% 16
\BOOKMARK [2][-]{subsection.4.1}{\376\377\000C\000A\000S\000E\135\345\121\167\163\257\130\203\144\055\136\372}{section.4}% 17
\BOOKMARK [3][-]{subsubsection.4.1.1}{\376\377\150\070\137\303\135\345\121\167\224\376}{subsection.4.1}% 18
\BOOKMARK [3][-]{subsubsection.4.1.2}{\376\377\163\257\130\203\221\115\177\156\217\307\172\013}{subsection.4.1}% 19
\BOOKMARK [2][-]{subsection.4.2}{\376\377\000U\000M\000L\136\372\152\041\133\236\215\365\217\307\172\013}{section.4}% 20
\BOOKMARK [3][-]{subsubsection.4.2.1}{\376\377\136\372\152\041\145\271\154\325\213\272}{subsection.4.2}% 21
\BOOKMARK [3][-]{subsubsection.4.2.2}{\376\377\000U\000M\000L\126\376\210\150\174\173\127\213\123\312\121\166\136\224\165\050}{subsection.4.2}% 22
\BOOKMARK [2][-]{subsection.4.3}{\376\377\136\372\152\041\135\345\121\167\166\204\133\371\153\324\213\304\117\060}{section.4}% 23
\BOOKMARK [3][-]{subsubsection.4.3.1}{\376\377\000P\000l\000a\000n\000t\000U\000M\000L\166\204\117\030\122\277}{subsection.4.3}% 24
\BOOKMARK [3][-]{subsubsection.4.3.2}{\376\377\000P\000y\000r\000e\000v\000e\000r\000s\000e\166\204\162\171\160\271}{subsection.4.3}% 25
\BOOKMARK [2][-]{subsection.4.4}{\376\377\136\372\152\041\142\020\147\234\134\125\171\072}{section.4}% 26
\BOOKMARK [1][-]{section.5}{\376\377\140\073\176\323\116\016\137\303\137\227\117\123\117\032}{}% 27
\BOOKMARK [2][-]{subsection.5.1}{\376\377\142\200\147\057\200\375\122\233\143\320\123\107}{section.5}% 28
\BOOKMARK [3][-]{subsubsection.5.1.1}{\376\377\000C\000A\000S\000E\135\345\121\167\142\200\200\375}{subsection.5.1}% 29
\BOOKMARK [3][-]{subsubsection.5.1.2}{\376\377\000U\000M\000L\136\372\152\041\200\375\122\233}{subsection.5.1}% 30
\BOOKMARK [3][-]{subsubsection.5.1.3}{\376\377\116\343\170\001\122\006\147\220\142\200\200\375}{subsection.5.1}% 31
\BOOKMARK [2][-]{subsection.5.2}{\376\377\145\271\154\325\213\272\213\244\167\345}{section.5}% 32
\BOOKMARK [3][-]{subsubsection.5.2.1}{\376\377\174\373\176\337\123\026\140\035\176\364}{subsection.5.2}% 33
\BOOKMARK [3][-]{subsubsection.5.2.2}{\376\377\142\275\214\141\200\375\122\233}{subsection.5.2}% 34
\BOOKMARK [3][-]{subsubsection.5.2.3}{\376\377\133\371\153\324\122\006\147\220\145\271\154\325}{subsection.5.2}% 35
\BOOKMARK [2][-]{subsection.5.3}{\376\377\133\236\215\365\116\367\120\074\117\123\232\214}{section.5}% 36
\BOOKMARK [3][-]{subsubsection.5.3.1}{\376\377\145\207\150\143\166\204\221\315\211\201\140\047}{subsection.5.3}% 37
\BOOKMARK [3][-]{subsubsection.5.3.2}{\376\377\135\345\121\167\116\016\140\035\176\364\166\204\121\163\174\373}{subsection.5.3}% 38
\BOOKMARK [3][-]{subsubsection.5.3.3}{\376\377\164\006\213\272\116\016\133\236\215\365\166\204\176\323\124\010}{subsection.5.3}% 39
\BOOKMARK [2][-]{subsection.5.4}{\376\377\147\052\147\145\123\321\134\125\140\035\200\003}{section.5}% 40
\BOOKMARK [3][-]{subsubsection.5.4.1}{\376\377\142\200\200\375\142\151\134\125\145\271\124\021}{subsection.5.4}% 41
\BOOKMARK [3][-]{subsubsection.5.4.2}{\376\377\145\271\154\325\213\272\155\361\123\026}{subsection.5.4}% 42
\BOOKMARK [2][-]{subsection.5.5}{\376\377\140\073\176\323\141\037\140\237}{section.5}% 43
